<?xml version="1.0" encoding="UTF-8"?>
<coverage generated="1666909135833" clover="3.2.0">
  <project timestamp="1666909135833" name="All files">
    <metrics statements="99" coveredstatements="48" conditionals="8" coveredconditionals="5" methods="53" coveredmethods="37" elements="160" coveredelements="90" complexity="0" loc="99" ncloc="99" packages="7" files="22" classes="22"/>
    <package name="adapters.repositories">
      <metrics statements="41" coveredstatements="12" conditionals="0" coveredconditionals="0" methods="14" coveredmethods="8"/>
      <file name="post.repository.ts" path="D:\Thiago Rodrigues\Profissional\GAMA\Especialização BackEnd\Parrot\Parrot-Social-NetWork\src\adapters\repositories\post.repository.ts">
        <metrics statements="15" coveredstatements="6" conditionals="0" coveredconditionals="0" methods="6" coveredmethods="4"/>
        <line num="17" count="2" type="stmt"/>
        <line num="18" count="2" type="stmt"/>
        <line num="19" count="0" type="stmt"/>
        <line num="23" count="1" type="stmt"/>
        <line num="27" count="1" type="stmt"/>
        <line num="28" count="1" type="stmt"/>
        <line num="29" count="1" type="stmt"/>
        <line num="33" count="0" type="stmt"/>
        <line num="34" count="0" type="stmt"/>
        <line num="36" count="0" type="stmt"/>
        <line num="38" count="0" type="stmt"/>
        <line num="43" count="0" type="stmt"/>
        <line num="44" count="0" type="stmt"/>
        <line num="45" count="0" type="stmt"/>
        <line num="46" count="0" type="stmt"/>
      </file>
      <file name="user.repository.ts" path="D:\Thiago Rodrigues\Profissional\GAMA\Especialização BackEnd\Parrot\Parrot-Social-NetWork\src\adapters\repositories\user.repository.ts">
        <metrics statements="26" coveredstatements="6" conditionals="0" coveredconditionals="0" methods="8" coveredmethods="4"/>
        <line num="17" count="0" type="stmt"/>
        <line num="18" count="0" type="stmt"/>
        <line num="20" count="0" type="stmt"/>
        <line num="22" count="0" type="stmt"/>
        <line num="27" count="0" type="stmt"/>
        <line num="28" count="0" type="stmt"/>
        <line num="32" count="0" type="stmt"/>
        <line num="34" count="0" type="stmt"/>
        <line num="39" count="0" type="stmt"/>
        <line num="40" count="0" type="stmt"/>
        <line num="45" count="0" type="stmt"/>
        <line num="47" count="0" type="stmt"/>
        <line num="52" count="3" type="stmt"/>
        <line num="53" count="3" type="stmt"/>
        <line num="54" count="0" type="stmt"/>
        <line num="58" count="1" type="stmt"/>
        <line num="62" count="1" type="stmt"/>
        <line num="63" count="1" type="stmt"/>
        <line num="64" count="1" type="stmt"/>
        <line num="68" count="0" type="stmt"/>
        <line num="69" count="0" type="stmt"/>
        <line num="70" count="0" type="stmt"/>
        <line num="71" count="0" type="stmt"/>
        <line num="72" count="0" type="stmt"/>
        <line num="73" count="0" type="stmt"/>
        <line num="74" count="0" type="stmt"/>
      </file>
    </package>
    <package name="domain.usecases.post">
      <metrics statements="5" coveredstatements="3" conditionals="0" coveredconditionals="0" methods="10" coveredmethods="8"/>
      <file name="create.post.usecase.ts" path="D:\Thiago Rodrigues\Profissional\GAMA\Especialização BackEnd\Parrot\Parrot-Social-NetWork\src\domain\usecases\post\create.post.usecase.ts">
        <metrics statements="1" coveredstatements="1" conditionals="0" coveredconditionals="0" methods="2" coveredmethods="2"/>
        <line num="10" count="3" type="stmt"/>
      </file>
      <file name="delete.post.usecase.ts" path="D:\Thiago Rodrigues\Profissional\GAMA\Especialização BackEnd\Parrot\Parrot-Social-NetWork\src\domain\usecases\post\delete.post.usecase.ts">
        <metrics statements="1" coveredstatements="1" conditionals="0" coveredconditionals="0" methods="2" coveredmethods="2"/>
        <line num="9" count="1" type="stmt"/>
      </file>
      <file name="list.post.usecase.ts" path="D:\Thiago Rodrigues\Profissional\GAMA\Especialização BackEnd\Parrot\Parrot-Social-NetWork\src\domain\usecases\post\list.post.usecase.ts">
        <metrics statements="1" coveredstatements="1" conditionals="0" coveredconditionals="0" methods="2" coveredmethods="2"/>
        <line num="10" count="1" type="stmt"/>
      </file>
      <file name="read.post.usecase.ts" path="D:\Thiago Rodrigues\Profissional\GAMA\Especialização BackEnd\Parrot\Parrot-Social-NetWork\src\domain\usecases\post\read.post.usecase.ts">
        <metrics statements="1" coveredstatements="0" conditionals="0" coveredconditionals="0" methods="2" coveredmethods="1"/>
        <line num="10" count="0" type="stmt"/>
      </file>
      <file name="update.post.usecase.ts" path="D:\Thiago Rodrigues\Profissional\GAMA\Especialização BackEnd\Parrot\Parrot-Social-NetWork\src\domain\usecases\post\update.post.usecase.ts">
        <metrics statements="1" coveredstatements="0" conditionals="0" coveredconditionals="0" methods="2" coveredmethods="1"/>
        <line num="10" count="0" type="stmt"/>
      </file>
    </package>
    <package name="domain.usecases.user">
      <metrics statements="12" coveredstatements="6" conditionals="2" coveredconditionals="1" methods="14" coveredmethods="11"/>
      <file name="create.user.usecase.ts" path="D:\Thiago Rodrigues\Profissional\GAMA\Especialização BackEnd\Parrot\Parrot-Social-NetWork\src\domain\usecases\user\create.user.usecase.ts">
        <metrics statements="1" coveredstatements="1" conditionals="0" coveredconditionals="0" methods="2" coveredmethods="2"/>
        <line num="10" count="5" type="stmt"/>
      </file>
      <file name="delete.user.usecase.ts" path="D:\Thiago Rodrigues\Profissional\GAMA\Especialização BackEnd\Parrot\Parrot-Social-NetWork\src\domain\usecases\user\delete.user.usecase.ts">
        <metrics statements="1" coveredstatements="1" conditionals="0" coveredconditionals="0" methods="2" coveredmethods="2"/>
        <line num="9" count="1" type="stmt"/>
      </file>
      <file name="list.user.usecase.ts" path="D:\Thiago Rodrigues\Profissional\GAMA\Especialização BackEnd\Parrot\Parrot-Social-NetWork\src\domain\usecases\user\list.user.usecase.ts">
        <metrics statements="1" coveredstatements="1" conditionals="0" coveredconditionals="0" methods="2" coveredmethods="2"/>
        <line num="10" count="1" type="stmt"/>
      </file>
      <file name="login.post.usecase.ts" path="D:\Thiago Rodrigues\Profissional\GAMA\Especialização BackEnd\Parrot\Parrot-Social-NetWork\src\domain\usecases\user\login.post.usecase.ts">
        <metrics statements="5" coveredstatements="3" conditionals="2" coveredconditionals="1" methods="2" coveredmethods="2"/>
        <line num="12" count="1" type="stmt"/>
        <line num="14" count="1" type="cond" truecount="1" falsecount="1"/>
        <line num="16" count="0" type="stmt"/>
        <line num="20" count="0" type="stmt"/>
        <line num="26" count="1" type="stmt"/>
      </file>
      <file name="read.user.usecase.ts" path="D:\Thiago Rodrigues\Profissional\GAMA\Especialização BackEnd\Parrot\Parrot-Social-NetWork\src\domain\usecases\user\read.user.usecase.ts">
        <metrics statements="2" coveredstatements="0" conditionals="0" coveredconditionals="0" methods="2" coveredmethods="1"/>
        <line num="10" count="0" type="stmt"/>
        <line num="11" count="0" type="stmt"/>
      </file>
      <file name="reademail.user.usecase.ts" path="D:\Thiago Rodrigues\Profissional\GAMA\Especialização BackEnd\Parrot\Parrot-Social-NetWork\src\domain\usecases\user\reademail.user.usecase.ts">
        <metrics statements="1" coveredstatements="0" conditionals="0" coveredconditionals="0" methods="2" coveredmethods="1"/>
        <line num="13" count="0" type="stmt"/>
      </file>
      <file name="update.user.usecase.ts" path="D:\Thiago Rodrigues\Profissional\GAMA\Especialização BackEnd\Parrot\Parrot-Social-NetWork\src\domain\usecases\user\update.user.usecase.ts">
        <metrics statements="1" coveredstatements="0" conditionals="0" coveredconditionals="0" methods="2" coveredmethods="1"/>
        <line num="10" count="0" type="stmt"/>
      </file>
    </package>
    <package name="infrastructure.config">
      <metrics statements="2" coveredstatements="2" conditionals="0" coveredconditionals="0" methods="0" coveredmethods="0"/>
      <file name="database.config.ts" path="D:\Thiago Rodrigues\Profissional\GAMA\Especialização BackEnd\Parrot\Parrot-Social-NetWork\src\infrastructure\config\database.config.ts">
        <metrics statements="2" coveredstatements="2" conditionals="0" coveredconditionals="0" methods="0" coveredmethods="0"/>
        <line num="3" count="12" type="stmt"/>
        <line num="14" count="12" type="stmt"/>
      </file>
    </package>
    <package name="infrastructure.persistence.mysql">
      <metrics statements="27" coveredstatements="15" conditionals="2" coveredconditionals="2" methods="11" coveredmethods="6"/>
      <file name="mysql.database.ts" path="D:\Thiago Rodrigues\Profissional\GAMA\Especialização BackEnd\Parrot\Parrot-Social-NetWork\src\infrastructure\persistence\mysql\mysql.database.ts">
        <metrics statements="27" coveredstatements="15" conditionals="2" coveredconditionals="2" methods="11" coveredmethods="6"/>
        <line num="16" count="12" type="stmt"/>
        <line num="17" count="12" type="stmt"/>
        <line num="18" count="12" type="stmt"/>
        <line num="19" count="12" type="stmt"/>
        <line num="20" count="12" type="stmt"/>
        <line num="21" count="12" type="stmt"/>
        <line num="23" count="12" type="stmt"/>
        <line num="31" count="24" type="cond" truecount="2" falsecount="0"/>
        <line num="32" count="12" type="stmt"/>
        <line num="35" count="24" type="stmt"/>
        <line num="39" count="5" type="stmt"/>
        <line num="43" count="0" type="stmt"/>
        <line num="44" count="0" type="stmt"/>
        <line num="48" count="2" type="stmt"/>
        <line num="52" count="2" type="stmt"/>
        <line num="56" count="2" type="stmt"/>
        <line num="60" count="0" type="stmt"/>
        <line num="61" count="0" type="stmt"/>
        <line num="63" count="0" type="stmt"/>
        <line num="68" count="0" type="stmt"/>
        <line num="69" count="0" type="stmt"/>
        <line num="73" count="0" type="stmt"/>
        <line num="79" count="0" type="stmt"/>
        <line num="80" count="0" type="stmt"/>
        <line num="84" count="0" type="stmt"/>
        <line num="89" count="12" type="stmt"/>
        <line num="99" count="0" type="stmt"/>
      </file>
    </package>
    <package name="infrastructure.persistence.mysql.helpers">
      <metrics statements="12" coveredstatements="10" conditionals="4" coveredconditionals="2" methods="4" coveredmethods="4"/>
      <file name="entitiesToModels.post.mysql.database.ts" path="D:\Thiago Rodrigues\Profissional\GAMA\Especialização BackEnd\Parrot\Parrot-Social-NetWork\src\infrastructure\persistence\mysql\helpers\entitiesToModels.post.mysql.database.ts">
        <metrics statements="2" coveredstatements="2" conditionals="0" coveredconditionals="0" methods="1" coveredmethods="1"/>
        <line num="4" count="2" type="stmt"/>
        <line num="11" count="2" type="stmt"/>
      </file>
      <file name="entitiesToModels.user.mysql.database.ts" path="D:\Thiago Rodrigues\Profissional\GAMA\Especialização BackEnd\Parrot\Parrot-Social-NetWork\src\infrastructure\persistence\mysql\helpers\entitiesToModels.user.mysql.database.ts">
        <metrics statements="2" coveredstatements="2" conditionals="0" coveredconditionals="0" methods="1" coveredmethods="1"/>
        <line num="4" count="3" type="stmt"/>
        <line num="14" count="3" type="stmt"/>
      </file>
      <file name="modelsToEntities.post.mysql.database.ts" path="D:\Thiago Rodrigues\Profissional\GAMA\Especialização BackEnd\Parrot\Parrot-Social-NetWork\src\infrastructure\persistence\mysql\helpers\modelsToEntities.post.mysql.database.ts">
        <metrics statements="4" coveredstatements="3" conditionals="2" coveredconditionals="1" methods="1" coveredmethods="1"/>
        <line num="5" count="8" type="cond" truecount="1" falsecount="1"/>
        <line num="6" count="0" type="stmt"/>
        <line num="8" count="8" type="stmt"/>
        <line num="16" count="8" type="stmt"/>
      </file>
      <file name="modelsToEntities.user.mysql.database.ts" path="D:\Thiago Rodrigues\Profissional\GAMA\Especialização BackEnd\Parrot\Parrot-Social-NetWork\src\infrastructure\persistence\mysql\helpers\modelsToEntities.user.mysql.database.ts">
        <metrics statements="4" coveredstatements="3" conditionals="2" coveredconditionals="1" methods="1" coveredmethods="1"/>
        <line num="5" count="5" type="cond" truecount="1" falsecount="1"/>
        <line num="6" count="0" type="stmt"/>
        <line num="8" count="5" type="stmt"/>
        <line num="21" count="5" type="stmt"/>
      </file>
    </package>
    <package name="infrastructure.persistence.mysql.models">
      <metrics statements="0" coveredstatements="0" conditionals="0" coveredconditionals="0" methods="0" coveredmethods="0"/>
      <file name="post.models.mysql.database.ts" path="D:\Thiago Rodrigues\Profissional\GAMA\Especialização BackEnd\Parrot\Parrot-Social-NetWork\src\infrastructure\persistence\mysql\models\post.models.mysql.database.ts">
        <metrics statements="0" coveredstatements="0" conditionals="0" coveredconditionals="0" methods="0" coveredmethods="0"/>
      </file>
      <file name="user.models.mysql.database.ts" path="D:\Thiago Rodrigues\Profissional\GAMA\Especialização BackEnd\Parrot\Parrot-Social-NetWork\src\infrastructure\persistence\mysql\models\user.models.mysql.database.ts">
        <metrics statements="0" coveredstatements="0" conditionals="0" coveredconditionals="0" methods="0" coveredmethods="0"/>
      </file>
    </package>
  </project>
</coverage>
