{"D:\\Thiago Rodrigues\\Profissional\\GAMA\\Especialização BackEnd\\Parrot\\Parrot-Social-NetWork\\src\\adapters\\repositories\\post.repository.ts": {"path":"D:\\Thiago Rodrigues\\Profissional\\GAMA\\Especialização BackEnd\\Parrot\\Parrot-Social-NetWork\\src\\adapters\\repositories\\post.repository.ts","statementMap":{"0":{"start":{"line":17,"column":26},"end":{"line":17,"column":52}},"1":{"start":{"line":18,"column":8},"end":{"line":18,"column":60}},"2":{"start":{"line":19,"column":8},"end":{"line":19,"column":24}},"3":{"start":{"line":23,"column":8},"end":{"line":23,"column":77}},"4":{"start":{"line":27,"column":21},"end":{"line":27,"column":67}},"5":{"start":{"line":28,"column":24},"end":{"line":28,"column":50}},"6":{"start":{"line":29,"column":8},"end":{"line":29,"column":23}},"7":{"start":{"line":33,"column":8},"end":{"line":39,"column":9}},"8":{"start":{"line":34,"column":25},"end":{"line":34,"column":83}},"9":{"start":{"line":36,"column":12},"end":{"line":36,"column":42}},"10":{"start":{"line":38,"column":12},"end":{"line":38,"column":52}},"11":{"start":{"line":43,"column":24},"end":{"line":43,"column":84}},"12":{"start":{"line":44,"column":26},"end":{"line":44,"column":52}},"13":{"start":{"line":45,"column":8},"end":{"line":45,"column":54}},"14":{"start":{"line":46,"column":8},"end":{"line":46,"column":24}}},"fnMap":{"0":{"name":"(anonymous_0)","decl":{"start":{"line":11,"column":4},"end":{"line":11,"column":5}},"loc":{"start":{"line":14,"column":9},"end":{"line":14,"column":11}},"line":14},"1":{"name":"(anonymous_1)","decl":{"start":{"line":16,"column":4},"end":{"line":16,"column":5}},"loc":{"start":{"line":16,"column":60},"end":{"line":20,"column":5}},"line":16},"2":{"name":"(anonymous_2)","decl":{"start":{"line":22,"column":4},"end":{"line":22,"column":5}},"loc":{"start":{"line":22,"column":56},"end":{"line":24,"column":5}},"line":22},"3":{"name":"(anonymous_3)","decl":{"start":{"line":26,"column":4},"end":{"line":26,"column":5}},"loc":{"start":{"line":26,"column":40},"end":{"line":30,"column":5}},"line":26},"4":{"name":"(anonymous_4)","decl":{"start":{"line":32,"column":4},"end":{"line":32,"column":5}},"loc":{"start":{"line":32,"column":72},"end":{"line":40,"column":5}},"line":32},"5":{"name":"(anonymous_5)","decl":{"start":{"line":42,"column":4},"end":{"line":42,"column":5}},"loc":{"start":{"line":42,"column":76},"end":{"line":47,"column":5}},"line":42}},"branchMap":{},"s":{"0":2,"1":2,"2":0,"3":1,"4":1,"5":1,"6":1,"7":0,"8":0,"9":0,"10":0,"11":0,"12":0,"13":0,"14":0},"f":{"0":5,"1":2,"2":1,"3":1,"4":0,"5":0},"b":{},"_coverageSchema":"1a1c01bbd47fc00a2c39e90264f33305004495a9","hash":"14f7c168af34f739a3b7be92c9fcf3b7d0b38a4d"}
,"D:\\Thiago Rodrigues\\Profissional\\GAMA\\Especialização BackEnd\\Parrot\\Parrot-Social-NetWork\\src\\adapters\\repositories\\user.repository.ts": {"path":"D:\\Thiago Rodrigues\\Profissional\\GAMA\\Especialização BackEnd\\Parrot\\Parrot-Social-NetWork\\src\\adapters\\repositories\\user.repository.ts","statementMap":{"0":{"start":{"line":17,"column":8},"end":{"line":23,"column":9}},"1":{"start":{"line":18,"column":25},"end":{"line":18,"column":83}},"2":{"start":{"line":20,"column":12},"end":{"line":20,"column":42}},"3":{"start":{"line":22,"column":12},"end":{"line":22,"column":52}},"4":{"start":{"line":27,"column":8},"end":{"line":35,"column":9}},"5":{"start":{"line":28,"column":25},"end":{"line":30,"column":14}},"6":{"start":{"line":32,"column":12},"end":{"line":32,"column":42}},"7":{"start":{"line":34,"column":12},"end":{"line":34,"column":52}},"8":{"start":{"line":39,"column":8},"end":{"line":48,"column":9}},"9":{"start":{"line":40,"column":26},"end":{"line":43,"column":14}},"10":{"start":{"line":45,"column":12},"end":{"line":45,"column":43}},"11":{"start":{"line":47,"column":12},"end":{"line":47,"column":52}},"12":{"start":{"line":52,"column":27},"end":{"line":52,"column":53}},"13":{"start":{"line":53,"column":8},"end":{"line":53,"column":60}},"14":{"start":{"line":54,"column":8},"end":{"line":54,"column":24}},"15":{"start":{"line":58,"column":8},"end":{"line":58,"column":77}},"16":{"start":{"line":62,"column":21},"end":{"line":62,"column":67}},"17":{"start":{"line":63,"column":24},"end":{"line":63,"column":50}},"18":{"start":{"line":64,"column":8},"end":{"line":64,"column":23}},"19":{"start":{"line":68,"column":8},"end":{"line":68,"column":29}},"20":{"start":{"line":69,"column":24},"end":{"line":69,"column":83}},"21":{"start":{"line":70,"column":8},"end":{"line":70,"column":48}},"22":{"start":{"line":71,"column":26},"end":{"line":71,"column":52}},"23":{"start":{"line":72,"column":8},"end":{"line":72,"column":27}},"24":{"start":{"line":73,"column":8},"end":{"line":73,"column":54}},"25":{"start":{"line":74,"column":8},"end":{"line":74,"column":24}}},"fnMap":{"0":{"name":"(anonymous_0)","decl":{"start":{"line":11,"column":4},"end":{"line":11,"column":5}},"loc":{"start":{"line":14,"column":9},"end":{"line":14,"column":11}},"line":14},"1":{"name":"(anonymous_1)","decl":{"start":{"line":16,"column":4},"end":{"line":16,"column":5}},"loc":{"start":{"line":16,"column":72},"end":{"line":24,"column":5}},"line":16},"2":{"name":"(anonymous_2)","decl":{"start":{"line":26,"column":4},"end":{"line":26,"column":5}},"loc":{"start":{"line":26,"column":70},"end":{"line":36,"column":5}},"line":26},"3":{"name":"(anonymous_3)","decl":{"start":{"line":38,"column":4},"end":{"line":38,"column":5}},"loc":{"start":{"line":38,"column":88},"end":{"line":49,"column":5}},"line":38},"4":{"name":"(anonymous_4)","decl":{"start":{"line":51,"column":4},"end":{"line":51,"column":5}},"loc":{"start":{"line":51,"column":60},"end":{"line":55,"column":5}},"line":51},"5":{"name":"(anonymous_5)","decl":{"start":{"line":57,"column":4},"end":{"line":57,"column":5}},"loc":{"start":{"line":57,"column":56},"end":{"line":59,"column":5}},"line":57},"6":{"name":"(anonymous_6)","decl":{"start":{"line":61,"column":4},"end":{"line":61,"column":5}},"loc":{"start":{"line":61,"column":40},"end":{"line":65,"column":5}},"line":61},"7":{"name":"(anonymous_7)","decl":{"start":{"line":67,"column":4},"end":{"line":67,"column":5}},"loc":{"start":{"line":67,"column":76},"end":{"line":75,"column":5}},"line":67}},"branchMap":{},"s":{"0":0,"1":0,"2":0,"3":0,"4":0,"5":0,"6":0,"7":0,"8":0,"9":0,"10":0,"11":0,"12":3,"13":3,"14":0,"15":1,"16":1,"17":1,"18":1,"19":0,"20":0,"21":0,"22":0,"23":0,"24":0,"25":0},"f":{"0":7,"1":0,"2":0,"3":0,"4":3,"5":1,"6":1,"7":0},"b":{},"_coverageSchema":"1a1c01bbd47fc00a2c39e90264f33305004495a9","hash":"73fc34f7711b4e1f6556f55325c6c3f76497c609"}
,"D:\\Thiago Rodrigues\\Profissional\\GAMA\\Especialização BackEnd\\Parrot\\Parrot-Social-NetWork\\src\\domain\\usecases\\post\\create.post.usecase.ts": {"path":"D:\\Thiago Rodrigues\\Profissional\\GAMA\\Especialização BackEnd\\Parrot\\Parrot-Social-NetWork\\src\\domain\\usecases\\post\\create.post.usecase.ts","statementMap":{"0":{"start":{"line":10,"column":8},"end":{"line":13,"column":11}}},"fnMap":{"0":{"name":"(anonymous_0)","decl":{"start":{"line":7,"column":4},"end":{"line":7,"column":5}},"loc":{"start":{"line":7,"column":54},"end":{"line":8,"column":5}},"line":7},"1":{"name":"(anonymous_1)","decl":{"start":{"line":9,"column":4},"end":{"line":9,"column":5}},"loc":{"start":{"line":9,"column":93},"end":{"line":14,"column":5}},"line":9}},"branchMap":{},"s":{"0":3},"f":{"0":3,"1":3},"b":{},"_coverageSchema":"1a1c01bbd47fc00a2c39e90264f33305004495a9","hash":"6ffe0927f398ba57bdee185b2783f03d1bf9f8d2"}
,"D:\\Thiago Rodrigues\\Profissional\\GAMA\\Especialização BackEnd\\Parrot\\Parrot-Social-NetWork\\src\\domain\\usecases\\post\\delete.post.usecase.ts": {"path":"D:\\Thiago Rodrigues\\Profissional\\GAMA\\Especialização BackEnd\\Parrot\\Parrot-Social-NetWork\\src\\domain\\usecases\\post\\delete.post.usecase.ts","statementMap":{"0":{"start":{"line":9,"column":8},"end":{"line":9,"column":62}}},"fnMap":{"0":{"name":"(anonymous_0)","decl":{"start":{"line":6,"column":4},"end":{"line":6,"column":5}},"loc":{"start":{"line":6,"column":54},"end":{"line":7,"column":5}},"line":6},"1":{"name":"(anonymous_1)","decl":{"start":{"line":8,"column":4},"end":{"line":8,"column":5}},"loc":{"start":{"line":8,"column":59},"end":{"line":10,"column":5}},"line":8}},"branchMap":{},"s":{"0":1},"f":{"0":1,"1":1},"b":{},"_coverageSchema":"1a1c01bbd47fc00a2c39e90264f33305004495a9","hash":"62635b7d45adacb843ad9ce9d2725471bbaa09a8"}
,"D:\\Thiago Rodrigues\\Profissional\\GAMA\\Especialização BackEnd\\Parrot\\Parrot-Social-NetWork\\src\\domain\\usecases\\post\\list.post.usecase.ts": {"path":"D:\\Thiago Rodrigues\\Profissional\\GAMA\\Especialização BackEnd\\Parrot\\Parrot-Social-NetWork\\src\\domain\\usecases\\post\\list.post.usecase.ts","statementMap":{"0":{"start":{"line":10,"column":8},"end":{"line":10,"column":45}}},"fnMap":{"0":{"name":"(anonymous_0)","decl":{"start":{"line":7,"column":4},"end":{"line":7,"column":5}},"loc":{"start":{"line":7,"column":54},"end":{"line":8,"column":5}},"line":7},"1":{"name":"(anonymous_1)","decl":{"start":{"line":9,"column":4},"end":{"line":9,"column":5}},"loc":{"start":{"line":9,"column":55},"end":{"line":11,"column":5}},"line":9}},"branchMap":{},"s":{"0":1},"f":{"0":1,"1":1},"b":{},"_coverageSchema":"1a1c01bbd47fc00a2c39e90264f33305004495a9","hash":"8fb53dbb54a01f6cd2cfcf167599ee6631ebd04c"}
,"D:\\Thiago Rodrigues\\Profissional\\GAMA\\Especialização BackEnd\\Parrot\\Parrot-Social-NetWork\\src\\domain\\usecases\\post\\read.post.usecase.ts": {"path":"D:\\Thiago Rodrigues\\Profissional\\GAMA\\Especialização BackEnd\\Parrot\\Parrot-Social-NetWork\\src\\domain\\usecases\\post\\read.post.usecase.ts","statementMap":{"0":{"start":{"line":10,"column":8},"end":{"line":10,"column":60}}},"fnMap":{"0":{"name":"(anonymous_0)","decl":{"start":{"line":7,"column":4},"end":{"line":7,"column":5}},"loc":{"start":{"line":7,"column":54},"end":{"line":8,"column":5}},"line":7},"1":{"name":"(anonymous_1)","decl":{"start":{"line":9,"column":4},"end":{"line":9,"column":5}},"loc":{"start":{"line":9,"column":77},"end":{"line":11,"column":5}},"line":9}},"branchMap":{},"s":{"0":0},"f":{"0":1,"1":0},"b":{},"_coverageSchema":"1a1c01bbd47fc00a2c39e90264f33305004495a9","hash":"8defc012f8e08680fdb1caa9779a260d94a63f7f"}
,"D:\\Thiago Rodrigues\\Profissional\\GAMA\\Especialização BackEnd\\Parrot\\Parrot-Social-NetWork\\src\\domain\\usecases\\post\\update.post.usecase.ts": {"path":"D:\\Thiago Rodrigues\\Profissional\\GAMA\\Especialização BackEnd\\Parrot\\Parrot-Social-NetWork\\src\\domain\\usecases\\post\\update.post.usecase.ts","statementMap":{"0":{"start":{"line":10,"column":8},"end":{"line":10,"column":55}}},"fnMap":{"0":{"name":"(anonymous_0)","decl":{"start":{"line":7,"column":4},"end":{"line":7,"column":5}},"loc":{"start":{"line":7,"column":54},"end":{"line":8,"column":5}},"line":7},"1":{"name":"(anonymous_1)","decl":{"start":{"line":9,"column":4},"end":{"line":9,"column":5}},"loc":{"start":{"line":9,"column":69},"end":{"line":11,"column":5}},"line":9}},"branchMap":{},"s":{"0":0},"f":{"0":1,"1":0},"b":{},"_coverageSchema":"1a1c01bbd47fc00a2c39e90264f33305004495a9","hash":"1661380121de9e4dc3cc668ca7d9bd6a132be82c"}
,"D:\\Thiago Rodrigues\\Profissional\\GAMA\\Especialização BackEnd\\Parrot\\Parrot-Social-NetWork\\src\\domain\\usecases\\user\\create.user.usecase.ts": {"path":"D:\\Thiago Rodrigues\\Profissional\\GAMA\\Especialização BackEnd\\Parrot\\Parrot-Social-NetWork\\src\\domain\\usecases\\user\\create.user.usecase.ts","statementMap":{"0":{"start":{"line":10,"column":8},"end":{"line":10,"column":51}}},"fnMap":{"0":{"name":"(anonymous_0)","decl":{"start":{"line":7,"column":4},"end":{"line":7,"column":5}},"loc":{"start":{"line":7,"column":54},"end":{"line":8,"column":5}},"line":7},"1":{"name":"(anonymous_1)","decl":{"start":{"line":9,"column":4},"end":{"line":9,"column":5}},"loc":{"start":{"line":9,"column":69},"end":{"line":11,"column":5}},"line":9}},"branchMap":{},"s":{"0":5},"f":{"0":5,"1":5},"b":{},"_coverageSchema":"1a1c01bbd47fc00a2c39e90264f33305004495a9","hash":"9167fb8e3877cbf3408429067a7d2d626e8c8b08"}
,"D:\\Thiago Rodrigues\\Profissional\\GAMA\\Especialização BackEnd\\Parrot\\Parrot-Social-NetWork\\src\\domain\\usecases\\user\\delete.user.usecase.ts": {"path":"D:\\Thiago Rodrigues\\Profissional\\GAMA\\Especialização BackEnd\\Parrot\\Parrot-Social-NetWork\\src\\domain\\usecases\\user\\delete.user.usecase.ts","statementMap":{"0":{"start":{"line":9,"column":8},"end":{"line":9,"column":62}}},"fnMap":{"0":{"name":"(anonymous_0)","decl":{"start":{"line":6,"column":4},"end":{"line":6,"column":5}},"loc":{"start":{"line":6,"column":54},"end":{"line":7,"column":5}},"line":6},"1":{"name":"(anonymous_1)","decl":{"start":{"line":8,"column":4},"end":{"line":8,"column":5}},"loc":{"start":{"line":8,"column":59},"end":{"line":10,"column":5}},"line":8}},"branchMap":{},"s":{"0":1},"f":{"0":1,"1":1},"b":{},"_coverageSchema":"1a1c01bbd47fc00a2c39e90264f33305004495a9","hash":"4ce2b8a1f5465fa1205bfaaacac6fad012e27720"}
,"D:\\Thiago Rodrigues\\Profissional\\GAMA\\Especialização BackEnd\\Parrot\\Parrot-Social-NetWork\\src\\domain\\usecases\\user\\list.user.usecase.ts": {"path":"D:\\Thiago Rodrigues\\Profissional\\GAMA\\Especialização BackEnd\\Parrot\\Parrot-Social-NetWork\\src\\domain\\usecases\\user\\list.user.usecase.ts","statementMap":{"0":{"start":{"line":10,"column":8},"end":{"line":10,"column":45}}},"fnMap":{"0":{"name":"(anonymous_0)","decl":{"start":{"line":7,"column":4},"end":{"line":7,"column":5}},"loc":{"start":{"line":7,"column":54},"end":{"line":8,"column":5}},"line":7},"1":{"name":"(anonymous_1)","decl":{"start":{"line":9,"column":4},"end":{"line":9,"column":5}},"loc":{"start":{"line":9,"column":55},"end":{"line":11,"column":5}},"line":9}},"branchMap":{},"s":{"0":1},"f":{"0":1,"1":1},"b":{},"_coverageSchema":"1a1c01bbd47fc00a2c39e90264f33305004495a9","hash":"ab69e2b3b48516ad4acae1fa8133e142cb57a90c"}
,"D:\\Thiago Rodrigues\\Profissional\\GAMA\\Especialização BackEnd\\Parrot\\Parrot-Social-NetWork\\src\\domain\\usecases\\user\\login.post.usecase.ts": {"path":"D:\\Thiago Rodrigues\\Profissional\\GAMA\\Especialização BackEnd\\Parrot\\Parrot-Social-NetWork\\src\\domain\\usecases\\user\\login.post.usecase.ts","statementMap":{"0":{"start":{"line":12,"column":22},"end":{"line":12,"column":83}},"1":{"start":{"line":14,"column":8},"end":{"line":24,"column":9}},"2":{"start":{"line":16,"column":26},"end":{"line":18,"column":14}},"3":{"start":{"line":20,"column":12},"end":{"line":23,"column":14}},"4":{"start":{"line":26,"column":8},"end":{"line":26,"column":15}}},"fnMap":{"0":{"name":"(anonymous_0)","decl":{"start":{"line":7,"column":4},"end":{"line":7,"column":5}},"loc":{"start":{"line":7,"column":53},"end":{"line":9,"column":5}},"line":7},"1":{"name":"(anonymous_1)","decl":{"start":{"line":11,"column":4},"end":{"line":11,"column":5}},"loc":{"start":{"line":11,"column":61},"end":{"line":27,"column":5}},"line":11}},"branchMap":{"0":{"loc":{"start":{"line":14,"column":8},"end":{"line":24,"column":9}},"type":"if","locations":[{"start":{"line":14,"column":8},"end":{"line":24,"column":9}},{"start":{},"end":{}}],"line":14}},"s":{"0":1,"1":1,"2":0,"3":0,"4":1},"f":{"0":1,"1":1},"b":{"0":[0,1]},"_coverageSchema":"1a1c01bbd47fc00a2c39e90264f33305004495a9","hash":"f0caa4eb57bef752b0359016d20568b3171efdc2"}
,"D:\\Thiago Rodrigues\\Profissional\\GAMA\\Especialização BackEnd\\Parrot\\Parrot-Social-NetWork\\src\\domain\\usecases\\user\\read.user.usecase.ts": {"path":"D:\\Thiago Rodrigues\\Profissional\\GAMA\\Especialização BackEnd\\Parrot\\Parrot-Social-NetWork\\src\\domain\\usecases\\user\\read.user.usecase.ts","statementMap":{"0":{"start":{"line":10,"column":8},"end":{"line":10,"column":25}},"1":{"start":{"line":11,"column":8},"end":{"line":11,"column":60}}},"fnMap":{"0":{"name":"(anonymous_0)","decl":{"start":{"line":7,"column":4},"end":{"line":7,"column":5}},"loc":{"start":{"line":7,"column":54},"end":{"line":8,"column":5}},"line":7},"1":{"name":"(anonymous_1)","decl":{"start":{"line":9,"column":4},"end":{"line":9,"column":5}},"loc":{"start":{"line":9,"column":77},"end":{"line":12,"column":5}},"line":9}},"branchMap":{},"s":{"0":0,"1":0},"f":{"0":1,"1":0},"b":{},"_coverageSchema":"1a1c01bbd47fc00a2c39e90264f33305004495a9","hash":"cc81b341cae8ee7712958f967b4f6789149866ff"}
,"D:\\Thiago Rodrigues\\Profissional\\GAMA\\Especialização BackEnd\\Parrot\\Parrot-Social-NetWork\\src\\domain\\usecases\\user\\reademail.user.usecase.ts": {"path":"D:\\Thiago Rodrigues\\Profissional\\GAMA\\Especialização BackEnd\\Parrot\\Parrot-Social-NetWork\\src\\domain\\usecases\\user\\reademail.user.usecase.ts","statementMap":{"0":{"start":{"line":13,"column":8},"end":{"line":13,"column":62}}},"fnMap":{"0":{"name":"(anonymous_0)","decl":{"start":{"line":8,"column":4},"end":{"line":8,"column":5}},"loc":{"start":{"line":8,"column":54},"end":{"line":10,"column":5}},"line":8},"1":{"name":"(anonymous_1)","decl":{"start":{"line":12,"column":4},"end":{"line":12,"column":5}},"loc":{"start":{"line":12,"column":76},"end":{"line":14,"column":5}},"line":12}},"branchMap":{},"s":{"0":0},"f":{"0":1,"1":0},"b":{},"_coverageSchema":"1a1c01bbd47fc00a2c39e90264f33305004495a9","hash":"cab712fa887313bc69cda6062f5fbbb5c11062fd"}
,"D:\\Thiago Rodrigues\\Profissional\\GAMA\\Especialização BackEnd\\Parrot\\Parrot-Social-NetWork\\src\\domain\\usecases\\user\\update.user.usecase.ts": {"path":"D:\\Thiago Rodrigues\\Profissional\\GAMA\\Especialização BackEnd\\Parrot\\Parrot-Social-NetWork\\src\\domain\\usecases\\user\\update.user.usecase.ts","statementMap":{"0":{"start":{"line":10,"column":8},"end":{"line":10,"column":55}}},"fnMap":{"0":{"name":"(anonymous_0)","decl":{"start":{"line":7,"column":4},"end":{"line":7,"column":5}},"loc":{"start":{"line":7,"column":54},"end":{"line":8,"column":5}},"line":7},"1":{"name":"(anonymous_1)","decl":{"start":{"line":9,"column":4},"end":{"line":9,"column":5}},"loc":{"start":{"line":9,"column":69},"end":{"line":11,"column":5}},"line":9}},"branchMap":{},"s":{"0":0},"f":{"0":1,"1":0},"b":{},"_coverageSchema":"1a1c01bbd47fc00a2c39e90264f33305004495a9","hash":"dfebea35775123beb37b725b4b07837321d55903"}
,"D:\\Thiago Rodrigues\\Profissional\\GAMA\\Especialização BackEnd\\Parrot\\Parrot-Social-NetWork\\src\\infrastructure\\config\\database.config.ts": {"path":"D:\\Thiago Rodrigues\\Profissional\\GAMA\\Especialização BackEnd\\Parrot\\Parrot-Social-NetWork\\src\\infrastructure\\config\\database.config.ts","statementMap":{"0":{"start":{"line":3,"column":23},"end":{"line":10,"column":1}},"1":{"start":{"line":14,"column":0},"end":{"line":14,"column":32}}},"fnMap":{},"branchMap":{},"s":{"0":12,"1":12},"f":{},"b":{},"_coverageSchema":"1a1c01bbd47fc00a2c39e90264f33305004495a9","hash":"43c06a94a5033353a460af6873d9d6b9e6317e02"}
,"D:\\Thiago Rodrigues\\Profissional\\GAMA\\Especialização BackEnd\\Parrot\\Parrot-Social-NetWork\\src\\infrastructure\\persistence\\mysql\\mysql.database.ts": {"path":"D:\\Thiago Rodrigues\\Profissional\\GAMA\\Especialização BackEnd\\Parrot\\Parrot-Social-NetWork\\src\\infrastructure\\persistence\\mysql\\mysql.database.ts","statementMap":{"0":{"start":{"line":16,"column":8},"end":{"line":16,"column":44}},"1":{"start":{"line":17,"column":8},"end":{"line":17,"column":50}},"2":{"start":{"line":18,"column":8},"end":{"line":18,"column":50}},"3":{"start":{"line":19,"column":8},"end":{"line":19,"column":42}},"4":{"start":{"line":20,"column":8},"end":{"line":20,"column":32}},"5":{"start":{"line":21,"column":8},"end":{"line":21,"column":49}},"6":{"start":{"line":23,"column":8},"end":{"line":27,"column":11}},"7":{"start":{"line":31,"column":8},"end":{"line":33,"column":9}},"8":{"start":{"line":32,"column":12},"end":{"line":32,"column":58}},"9":{"start":{"line":35,"column":8},"end":{"line":35,"column":39}},"10":{"start":{"line":39,"column":8},"end":{"line":39,"column":34}},"11":{"start":{"line":43,"column":8},"end":{"line":43,"column":33}},"12":{"start":{"line":44,"column":8},"end":{"line":44,"column":28}},"13":{"start":{"line":48,"column":8},"end":{"line":48,"column":39}},"14":{"start":{"line":52,"column":23},"end":{"line":54,"column":10}},"15":{"start":{"line":56,"column":8},"end":{"line":56,"column":28}},"16":{"start":{"line":60,"column":8},"end":{"line":64,"column":9}},"17":{"start":{"line":61,"column":12},"end":{"line":61,"column":52}},"18":{"start":{"line":63,"column":12},"end":{"line":63,"column":52}},"19":{"start":{"line":68,"column":8},"end":{"line":74,"column":9}},"20":{"start":{"line":69,"column":12},"end":{"line":71,"column":15}},"21":{"start":{"line":73,"column":12},"end":{"line":73,"column":52}},"22":{"start":{"line":79,"column":8},"end":{"line":85,"column":9}},"23":{"start":{"line":80,"column":12},"end":{"line":82,"column":15}},"24":{"start":{"line":84,"column":12},"end":{"line":84,"column":52}},"25":{"start":{"line":89,"column":8},"end":{"line":95,"column":9}},"26":{"start":{"line":99,"column":8},"end":{"line":105,"column":10}}},"fnMap":{"0":{"name":"(anonymous_0)","decl":{"start":{"line":15,"column":4},"end":{"line":15,"column":5}},"loc":{"start":{"line":15,"column":25},"end":{"line":28,"column":5}},"line":15},"1":{"name":"(anonymous_1)","decl":{"start":{"line":30,"column":4},"end":{"line":30,"column":5}},"loc":{"start":{"line":30,"column":47},"end":{"line":36,"column":5}},"line":30},"2":{"name":"(anonymous_2)","decl":{"start":{"line":38,"column":4},"end":{"line":38,"column":5}},"loc":{"start":{"line":38,"column":82},"end":{"line":40,"column":5}},"line":38},"3":{"name":"(anonymous_3)","decl":{"start":{"line":42,"column":4},"end":{"line":42,"column":5}},"loc":{"start":{"line":42,"column":76},"end":{"line":45,"column":5}},"line":42},"4":{"name":"(anonymous_4)","decl":{"start":{"line":47,"column":4},"end":{"line":47,"column":5}},"loc":{"start":{"line":47,"column":87},"end":{"line":49,"column":5}},"line":47},"5":{"name":"(anonymous_5)","decl":{"start":{"line":51,"column":4},"end":{"line":51,"column":5}},"loc":{"start":{"line":51,"column":126},"end":{"line":57,"column":5}},"line":51},"6":{"name":"(anonymous_6)","decl":{"start":{"line":59,"column":4},"end":{"line":59,"column":5}},"loc":{"start":{"line":59,"column":103},"end":{"line":65,"column":5}},"line":59},"7":{"name":"(anonymous_7)","decl":{"start":{"line":67,"column":4},"end":{"line":67,"column":5}},"loc":{"start":{"line":67,"column":115},"end":{"line":75,"column":5}},"line":67},"8":{"name":"(anonymous_8)","decl":{"start":{"line":78,"column":4},"end":{"line":78,"column":5}},"loc":{"start":{"line":78,"column":116},"end":{"line":86,"column":5}},"line":78},"9":{"name":"(anonymous_9)","decl":{"start":{"line":88,"column":4},"end":{"line":88,"column":5}},"loc":{"start":{"line":88,"column":117},"end":{"line":96,"column":5}},"line":88},"10":{"name":"(anonymous_10)","decl":{"start":{"line":98,"column":4},"end":{"line":98,"column":5}},"loc":{"start":{"line":98,"column":54},"end":{"line":106,"column":5}},"line":98}},"branchMap":{"0":{"loc":{"start":{"line":31,"column":8},"end":{"line":33,"column":9}},"type":"if","locations":[{"start":{"line":31,"column":8},"end":{"line":33,"column":9}},{"start":{},"end":{}}],"line":31}},"s":{"0":12,"1":12,"2":12,"3":12,"4":12,"5":12,"6":12,"7":24,"8":12,"9":24,"10":5,"11":0,"12":0,"13":2,"14":2,"15":2,"16":0,"17":0,"18":0,"19":0,"20":0,"21":0,"22":0,"23":0,"24":0,"25":12,"26":0},"f":{"0":12,"1":24,"2":5,"3":0,"4":2,"5":2,"6":0,"7":0,"8":0,"9":12,"10":0},"b":{"0":[12,12]},"_coverageSchema":"1a1c01bbd47fc00a2c39e90264f33305004495a9","hash":"e6ca1b73283b123ab341e9f298e1a6a94bd679dc"}
,"D:\\Thiago Rodrigues\\Profissional\\GAMA\\Especialização BackEnd\\Parrot\\Parrot-Social-NetWork\\src\\infrastructure\\persistence\\mysql\\helpers\\entitiesToModels.post.mysql.database.ts": {"path":"D:\\Thiago Rodrigues\\Profissional\\GAMA\\Especialização BackEnd\\Parrot\\Parrot-Social-NetWork\\src\\infrastructure\\persistence\\mysql\\helpers\\entitiesToModels.post.mysql.database.ts","statementMap":{"0":{"start":{"line":4,"column":18},"end":{"line":10,"column":5}},"1":{"start":{"line":11,"column":4},"end":{"line":13,"column":6}}},"fnMap":{"0":{"name":"(anonymous_0)","decl":{"start":{"line":3,"column":15},"end":{"line":3,"column":16}},"loc":{"start":{"line":3,"column":43},"end":{"line":14,"column":1}},"line":3}},"branchMap":{},"s":{"0":2,"1":2},"f":{"0":2},"b":{},"_coverageSchema":"1a1c01bbd47fc00a2c39e90264f33305004495a9","hash":"60531c4724896f43615a7d5be41c864d35bc17a6"}
,"D:\\Thiago Rodrigues\\Profissional\\GAMA\\Especialização BackEnd\\Parrot\\Parrot-Social-NetWork\\src\\infrastructure\\persistence\\mysql\\helpers\\entitiesToModels.user.mysql.database.ts": {"path":"D:\\Thiago Rodrigues\\Profissional\\GAMA\\Especialização BackEnd\\Parrot\\Parrot-Social-NetWork\\src\\infrastructure\\persistence\\mysql\\helpers\\entitiesToModels.user.mysql.database.ts","statementMap":{"0":{"start":{"line":4,"column":18},"end":{"line":13,"column":5}},"1":{"start":{"line":14,"column":4},"end":{"line":16,"column":6}}},"fnMap":{"0":{"name":"(anonymous_0)","decl":{"start":{"line":3,"column":15},"end":{"line":3,"column":16}},"loc":{"start":{"line":3,"column":43},"end":{"line":17,"column":1}},"line":3}},"branchMap":{},"s":{"0":3,"1":3},"f":{"0":3},"b":{},"_coverageSchema":"1a1c01bbd47fc00a2c39e90264f33305004495a9","hash":"e7a0b986caa88812e68d65a0c5e3581fc2d5282b"}
,"D:\\Thiago Rodrigues\\Profissional\\GAMA\\Especialização BackEnd\\Parrot\\Parrot-Social-NetWork\\src\\infrastructure\\persistence\\mysql\\helpers\\modelsToEntities.post.mysql.database.ts": {"path":"D:\\Thiago Rodrigues\\Profissional\\GAMA\\Especialização BackEnd\\Parrot\\Parrot-Social-NetWork\\src\\infrastructure\\persistence\\mysql\\helpers\\modelsToEntities.post.mysql.database.ts","statementMap":{"0":{"start":{"line":5,"column":4},"end":{"line":6,"column":15}},"1":{"start":{"line":6,"column":8},"end":{"line":6,"column":15}},"2":{"start":{"line":8,"column":29},"end":{"line":14,"column":5}},"3":{"start":{"line":16,"column":4},"end":{"line":16,"column":33}}},"fnMap":{"0":{"name":"(anonymous_0)","decl":{"start":{"line":4,"column":15},"end":{"line":4,"column":16}},"loc":{"start":{"line":4,"column":60},"end":{"line":17,"column":1}},"line":4}},"branchMap":{"0":{"loc":{"start":{"line":5,"column":4},"end":{"line":6,"column":15}},"type":"if","locations":[{"start":{"line":5,"column":4},"end":{"line":6,"column":15}},{"start":{},"end":{}}],"line":5}},"s":{"0":8,"1":0,"2":8,"3":8},"f":{"0":8},"b":{"0":[0,8]},"_coverageSchema":"1a1c01bbd47fc00a2c39e90264f33305004495a9","hash":"136952b4742453bde97593d2f8196e2869616947"}
,"D:\\Thiago Rodrigues\\Profissional\\GAMA\\Especialização BackEnd\\Parrot\\Parrot-Social-NetWork\\src\\infrastructure\\persistence\\mysql\\helpers\\modelsToEntities.user.mysql.database.ts": {"path":"D:\\Thiago Rodrigues\\Profissional\\GAMA\\Especialização BackEnd\\Parrot\\Parrot-Social-NetWork\\src\\infrastructure\\persistence\\mysql\\helpers\\modelsToEntities.user.mysql.database.ts","statementMap":{"0":{"start":{"line":5,"column":4},"end":{"line":6,"column":15}},"1":{"start":{"line":6,"column":8},"end":{"line":6,"column":15}},"2":{"start":{"line":8,"column":29},"end":{"line":19,"column":5}},"3":{"start":{"line":21,"column":4},"end":{"line":21,"column":33}}},"fnMap":{"0":{"name":"(anonymous_0)","decl":{"start":{"line":4,"column":15},"end":{"line":4,"column":16}},"loc":{"start":{"line":4,"column":60},"end":{"line":22,"column":1}},"line":4}},"branchMap":{"0":{"loc":{"start":{"line":5,"column":4},"end":{"line":6,"column":15}},"type":"if","locations":[{"start":{"line":5,"column":4},"end":{"line":6,"column":15}},{"start":{},"end":{}}],"line":5}},"s":{"0":5,"1":0,"2":5,"3":5},"f":{"0":5},"b":{"0":[0,5]},"_coverageSchema":"1a1c01bbd47fc00a2c39e90264f33305004495a9","hash":"977b09652627034bdeb7adb113685fd8b0d89db4"}
,"D:\\Thiago Rodrigues\\Profissional\\GAMA\\Especialização BackEnd\\Parrot\\Parrot-Social-NetWork\\src\\infrastructure\\persistence\\mysql\\models\\post.models.mysql.database.ts": {"path":"D:\\Thiago Rodrigues\\Profissional\\GAMA\\Especialização BackEnd\\Parrot\\Parrot-Social-NetWork\\src\\infrastructure\\persistence\\mysql\\models\\post.models.mysql.database.ts","statementMap":{},"fnMap":{},"branchMap":{},"s":{},"f":{},"b":{},"_coverageSchema":"1a1c01bbd47fc00a2c39e90264f33305004495a9","hash":"1c305d97e25c85d7af4ce8769f35c61a1adfaee7"}
,"D:\\Thiago Rodrigues\\Profissional\\GAMA\\Especialização BackEnd\\Parrot\\Parrot-Social-NetWork\\src\\infrastructure\\persistence\\mysql\\models\\user.models.mysql.database.ts": {"path":"D:\\Thiago Rodrigues\\Profissional\\GAMA\\Especialização BackEnd\\Parrot\\Parrot-Social-NetWork\\src\\infrastructure\\persistence\\mysql\\models\\user.models.mysql.database.ts","statementMap":{},"fnMap":{},"branchMap":{},"s":{},"f":{},"b":{},"_coverageSchema":"1a1c01bbd47fc00a2c39e90264f33305004495a9","hash":"1b1028b05e1381067f5b66c6ad27ac9842b88352"}
}
