TN:
SF:src\adapters\repositories\post.repository.ts
FN:11,(anonymous_0)
FN:16,(anonymous_1)
FN:22,(anonymous_2)
FN:26,(anonymous_3)
FN:32,(anonymous_4)
FN:42,(anonymous_5)
FNF:6
FNH:4
FNDA:5,(anonymous_0)
FNDA:2,(anonymous_1)
FNDA:1,(anonymous_2)
FNDA:1,(anonymous_3)
FNDA:0,(anonymous_4)
FNDA:0,(anonymous_5)
DA:17,2
DA:18,2
DA:19,0
DA:23,1
DA:27,1
DA:28,1
DA:29,1
DA:33,0
DA:34,0
DA:36,0
DA:38,0
DA:43,0
DA:44,0
DA:45,0
DA:46,0
LF:15
LH:6
BRF:0
BRH:0
end_of_record
TN:
SF:src\adapters\repositories\user.repository.ts
FN:11,(anonymous_0)
FN:16,(anonymous_1)
FN:26,(anonymous_2)
FN:38,(anonymous_3)
FN:51,(anonymous_4)
FN:57,(anonymous_5)
FN:61,(anonymous_6)
FN:67,(anonymous_7)
FNF:8
FNH:4
FNDA:7,(anonymous_0)
FNDA:0,(anonymous_1)
FNDA:0,(anonymous_2)
FNDA:0,(anonymous_3)
FNDA:3,(anonymous_4)
FNDA:1,(anonymous_5)
FNDA:1,(anonymous_6)
FNDA:0,(anonymous_7)
DA:17,0
DA:18,0
DA:20,0
DA:22,0
DA:27,0
DA:28,0
DA:32,0
DA:34,0
DA:39,0
DA:40,0
DA:45,0
DA:47,0
DA:52,3
DA:53,3
DA:54,0
DA:58,1
DA:62,1
DA:63,1
DA:64,1
DA:68,0
DA:69,0
DA:70,0
DA:71,0
DA:72,0
DA:73,0
DA:74,0
LF:26
LH:6
BRF:0
BRH:0
end_of_record
TN:
SF:src\domain\usecases\post\create.post.usecase.ts
FN:7,(anonymous_0)
FN:9,(anonymous_1)
FNF:2
FNH:2
FNDA:3,(anonymous_0)
FNDA:3,(anonymous_1)
DA:10,3
LF:1
LH:1
BRF:0
BRH:0
end_of_record
TN:
SF:src\domain\usecases\post\delete.post.usecase.ts
FN:6,(anonymous_0)
FN:8,(anonymous_1)
FNF:2
FNH:2
FNDA:1,(anonymous_0)
FNDA:1,(anonymous_1)
DA:9,1
LF:1
LH:1
BRF:0
BRH:0
end_of_record
TN:
SF:src\domain\usecases\post\list.post.usecase.ts
FN:7,(anonymous_0)
FN:9,(anonymous_1)
FNF:2
FNH:2
FNDA:1,(anonymous_0)
FNDA:1,(anonymous_1)
DA:10,1
LF:1
LH:1
BRF:0
BRH:0
end_of_record
TN:
SF:src\domain\usecases\post\read.post.usecase.ts
FN:7,(anonymous_0)
FN:9,(anonymous_1)
FNF:2
FNH:1
FNDA:1,(anonymous_0)
FNDA:0,(anonymous_1)
DA:10,0
LF:1
LH:0
BRF:0
BRH:0
end_of_record
TN:
SF:src\domain\usecases\post\update.post.usecase.ts
FN:7,(anonymous_0)
FN:9,(anonymous_1)
FNF:2
FNH:1
FNDA:1,(anonymous_0)
FNDA:0,(anonymous_1)
DA:10,0
LF:1
LH:0
BRF:0
BRH:0
end_of_record
TN:
SF:src\domain\usecases\user\create.user.usecase.ts
FN:7,(anonymous_0)
FN:9,(anonymous_1)
FNF:2
FNH:2
FNDA:5,(anonymous_0)
FNDA:5,(anonymous_1)
DA:10,5
LF:1
LH:1
BRF:0
BRH:0
end_of_record
TN:
SF:src\domain\usecases\user\delete.user.usecase.ts
FN:6,(anonymous_0)
FN:8,(anonymous_1)
FNF:2
FNH:2
FNDA:1,(anonymous_0)
FNDA:1,(anonymous_1)
DA:9,1
LF:1
LH:1
BRF:0
BRH:0
end_of_record
TN:
SF:src\domain\usecases\user\list.user.usecase.ts
FN:7,(anonymous_0)
FN:9,(anonymous_1)
FNF:2
FNH:2
FNDA:1,(anonymous_0)
FNDA:1,(anonymous_1)
DA:10,1
LF:1
LH:1
BRF:0
BRH:0
end_of_record
TN:
SF:src\domain\usecases\user\login.post.usecase.ts
FN:7,(anonymous_0)
FN:11,(anonymous_1)
FNF:2
FNH:2
FNDA:1,(anonymous_0)
FNDA:1,(anonymous_1)
DA:12,1
DA:14,1
DA:16,0
DA:20,0
DA:26,1
LF:5
LH:3
BRDA:14,0,0,0
BRDA:14,0,1,1
BRF:2
BRH:1
end_of_record
TN:
SF:src\domain\usecases\user\read.user.usecase.ts
FN:7,(anonymous_0)
FN:9,(anonymous_1)
FNF:2
FNH:1
FNDA:1,(anonymous_0)
FNDA:0,(anonymous_1)
DA:10,0
DA:11,0
LF:2
LH:0
BRF:0
BRH:0
end_of_record
TN:
SF:src\domain\usecases\user\reademail.user.usecase.ts
FN:8,(anonymous_0)
FN:12,(anonymous_1)
FNF:2
FNH:1
FNDA:1,(anonymous_0)
FNDA:0,(anonymous_1)
DA:13,0
LF:1
LH:0
BRF:0
BRH:0
end_of_record
TN:
SF:src\domain\usecases\user\update.user.usecase.ts
FN:7,(anonymous_0)
FN:9,(anonymous_1)
FNF:2
FNH:1
FNDA:1,(anonymous_0)
FNDA:0,(anonymous_1)
DA:10,0
LF:1
LH:0
BRF:0
BRH:0
end_of_record
TN:
SF:src\infrastructure\config\database.config.ts
FNF:0
FNH:0
DA:3,12
DA:14,12
LF:2
LH:2
BRF:0
BRH:0
end_of_record
TN:
SF:src\infrastructure\persistence\mysql\mysql.database.ts
FN:15,(anonymous_0)
FN:30,(anonymous_1)
FN:38,(anonymous_2)
FN:42,(anonymous_3)
FN:47,(anonymous_4)
FN:51,(anonymous_5)
FN:59,(anonymous_6)
FN:67,(anonymous_7)
FN:78,(anonymous_8)
FN:88,(anonymous_9)
FN:98,(anonymous_10)
FNF:11
FNH:6
FNDA:12,(anonymous_0)
FNDA:24,(anonymous_1)
FNDA:5,(anonymous_2)
FNDA:0,(anonymous_3)
FNDA:2,(anonymous_4)
FNDA:2,(anonymous_5)
FNDA:0,(anonymous_6)
FNDA:0,(anonymous_7)
FNDA:0,(anonymous_8)
FNDA:12,(anonymous_9)
FNDA:0,(anonymous_10)
DA:16,12
DA:17,12
DA:18,12
DA:19,12
DA:20,12
DA:21,12
DA:23,12
DA:31,24
DA:32,12
DA:35,24
DA:39,5
DA:43,0
DA:44,0
DA:48,2
DA:52,2
DA:56,2
DA:60,0
DA:61,0
DA:63,0
DA:68,0
DA:69,0
DA:73,0
DA:79,0
DA:80,0
DA:84,0
DA:89,12
DA:99,0
LF:27
LH:15
BRDA:31,0,0,12
BRDA:31,0,1,12
BRF:2
BRH:2
end_of_record
TN:
SF:src\infrastructure\persistence\mysql\helpers\entitiesToModels.post.mysql.database.ts
FN:3,(anonymous_0)
FNF:1
FNH:1
FNDA:2,(anonymous_0)
DA:4,2
DA:11,2
LF:2
LH:2
BRF:0
BRH:0
end_of_record
TN:
SF:src\infrastructure\persistence\mysql\helpers\entitiesToModels.user.mysql.database.ts
FN:3,(anonymous_0)
FNF:1
FNH:1
FNDA:3,(anonymous_0)
DA:4,3
DA:14,3
LF:2
LH:2
BRF:0
BRH:0
end_of_record
TN:
SF:src\infrastructure\persistence\mysql\helpers\modelsToEntities.post.mysql.database.ts
FN:4,(anonymous_0)
FNF:1
FNH:1
FNDA:8,(anonymous_0)
DA:5,8
DA:6,0
DA:8,8
DA:16,8
LF:4
LH:3
BRDA:5,0,0,0
BRDA:5,0,1,8
BRF:2
BRH:1
end_of_record
TN:
SF:src\infrastructure\persistence\mysql\helpers\modelsToEntities.user.mysql.database.ts
FN:4,(anonymous_0)
FNF:1
FNH:1
FNDA:5,(anonymous_0)
DA:5,5
DA:6,0
DA:8,5
DA:21,5
LF:4
LH:3
BRDA:5,0,0,0
BRDA:5,0,1,5
BRF:2
BRH:1
end_of_record
TN:
SF:src\infrastructure\persistence\mysql\models\post.models.mysql.database.ts
FNF:0
FNH:0
LF:0
LH:0
BRF:0
BRH:0
end_of_record
TN:
SF:src\infrastructure\persistence\mysql\models\user.models.mysql.database.ts
FNF:0
FNH:0
LF:0
LH:0
BRF:0
BRH:0
end_of_record
